c:\users\imdea\onedrive\pulpit\github\transitboard\transtboard\debug\vc142.pdb
c:\users\imdea\onedrive\pulpit\github\transitboard\transtboard\debug\vc142.idb
c:\users\imdea\onedrive\pulpit\github\transitboard\transtboard\debug\transtboard.obj
c:\users\imdea\onedrive\pulpit\github\transitboard\transtboard\debug\kierowca.obj
c:\users\imdea\onedrive\pulpit\github\transitboard\transtboard\debug\transtboard.tlog\cl.command.1.tlog
c:\users\imdea\onedrive\pulpit\github\transitboard\transtboard\debug\transtboard.tlog\cl.read.1.tlog
c:\users\imdea\onedrive\pulpit\github\transitboard\transtboard\debug\transtboard.tlog\cl.write.1.tlog
c:\users\imdea\onedrive\pulpit\github\transitboard\transtboard\debug\transtboard.tlog\link-cvtres.read.1.tlog
c:\users\imdea\onedrive\pulpit\github\transitboard\transtboard\debug\transtboard.tlog\link-cvtres.write.1.tlog
c:\users\imdea\onedrive\pulpit\github\transitboard\transtboard\debug\transtboard.tlog\link-rc.read.1.tlog
c:\users\imdea\onedrive\pulpit\github\transitboard\transtboard\debug\transtboard.tlog\link-rc.write.1.tlog
c:\users\imdea\onedrive\pulpit\github\transitboard\transtboard\debug\transtboard.tlog\link.10828-cvtres.read.1.tlog
c:\users\imdea\onedrive\pulpit\github\transitboard\transtboard\debug\transtboard.tlog\link.10828-cvtres.write.1.tlog
c:\users\imdea\onedrive\pulpit\github\transitboard\transtboard\debug\transtboard.tlog\link.10828-rc.read.1.tlog
c:\users\imdea\onedrive\pulpit\github\transitboard\transtboard\debug\transtboard.tlog\link.10828-rc.write.1.tlog
c:\users\imdea\onedrive\pulpit\github\transitboard\transtboard\debug\transtboard.tlog\link.10828.read.1.tlog
c:\users\imdea\onedrive\pulpit\github\transitboard\transtboard\debug\transtboard.tlog\link.10828.write.1.tlog
c:\users\imdea\onedrive\pulpit\github\transitboard\transtboard\debug\transtboard.tlog\link.command.1.tlog
c:\users\imdea\onedrive\pulpit\github\transitboard\transtboard\debug\transtboard.tlog\link.read.1.tlog
c:\users\imdea\onedrive\pulpit\github\transitboard\transtboard\debug\transtboard.tlog\link.write.1.tlog
